app/manifest-merger-release-report.txt
-- Merging decision tree log ---
manifest
ADDED from AndroidManifest.xml:2:1
	xmlns:android
		ADDED from AndroidManifest.xml:2:11
	package
		ADDED from AndroidManifest.xml:3:5
		INJECTED from AndroidManifest.xml:0:0
		INJECTED from AndroidManifest.xml:0:0
	android:versionName
		INJECTED from AndroidManifest.xml:0:0
		INJECTED from AndroidManifest.xml:0:0
	android:versionCode
		INJECTED from AndroidManifest.xml:0:0
		INJECTED from AndroidManifest.xml:0:0
uses-permission#android.permission.INTERNET
ADDED from AndroidManifest.xml:5:5
	android:name
		ADDED from AndroidManifest.xml:5:22
uses-permission#android.permission.ACCESS_NETWORK_STATE
ADDED from AndroidManifest.xml:6:5
	android:name
		ADDED from AndroidManifest.xml:6:22
application
ADDED from AndroidManifest.xml:8:5
MERGED from com.android.support:appcompat-v7:21.0.3:16:5
MERGED from com.android.support:support-v4:21.0.3:16:5
MERGED from com.facebook.android:facebook-android-sdk:4.0.0:28:5
MERGED from com.android.support:support-v4:21.0.3:16:5
	android:label
		ADDED from AndroidManifest.xml:12:9
	android:allowBackup
		ADDED from AndroidManifest.xml:10:9
	android:icon
		ADDED from AndroidManifest.xml:11:9
	android:theme
		ADDED from AndroidManifest.xml:13:9
	android:name
		ADDED from AndroidManifest.xml:9:9
meta-data#com.facebook.sdk.ApplicationId
ADDED from AndroidManifest.xml:15:9
	android:name
		ADDED from AndroidManifest.xml:16:13
	android:value
		ADDED from AndroidManifest.xml:17:13
activity#com.cse120.ontask.LogInActivity
ADDED from AndroidManifest.xml:19:9
	android:screenOrientation
		ADDED from AndroidManifest.xml:22:13
	android:label
		ADDED from AndroidManifest.xml:21:13
	android:name
		ADDED from AndroidManifest.xml:20:13
intent-filter#android.intent.action.MAIN+android.intent.category.LAUNCHER
ADDED from AndroidManifest.xml:23:13
action#android.intent.action.MAIN
ADDED from AndroidManifest.xml:24:17
	android:name
		ADDED from AndroidManifest.xml:24:25
category#android.intent.category.LAUNCHER
ADDED from AndroidManifest.xml:26:17
	android:name
		ADDED from AndroidManifest.xml:26:27
activity#com.cse120.ontask.HomeActivity
ADDED from AndroidManifest.xml:29:9
	android:screenOrientation
		ADDED from AndroidManifest.xml:32:13
	android:label
		ADDED from AndroidManifest.xml:31:13
	android:name
		ADDED from AndroidManifest.xml:30:13
activity#com.cse120.ontask.ChooseTaskOrProject
ADDED from AndroidManifest.xml:34:9
	android:screenOrientation
		ADDED from AndroidManifest.xml:37:13
	android:label
		ADDED from AndroidManifest.xml:36:13
	android:name
		ADDED from AndroidManifest.xml:35:13
activity#com.cse120.ontask.AddItemActivity
ADDED from AndroidManifest.xml:39:9
	android:screenOrientation
		ADDED from AndroidManifest.xml:42:13
	android:label
		ADDED from AndroidManifest.xml:41:13
	android:name
		ADDED from AndroidManifest.xml:40:13
activity#com.cse120.ontask.ItemDetailsActivity
ADDED from AndroidManifest.xml:44:9
	android:screenOrientation
		ADDED from AndroidManifest.xml:47:13
	android:label
		ADDED from AndroidManifest.xml:46:13
	android:name
		ADDED from AndroidManifest.xml:45:13
activity#com.facebook.FacebookActivity
ADDED from AndroidManifest.xml:49:9
	android:label
		ADDED from AndroidManifest.xml:52:13
	android:configChanges
		ADDED from AndroidManifest.xml:51:13
	android:theme
		ADDED from AndroidManifest.xml:53:13
	android:name
		ADDED from AndroidManifest.xml:50:13
uses-sdk
INJECTED from AndroidManifest.xml:0:0 reason: use-sdk injection requested
MERGED from com.android.support:appcompat-v7:21.0.3:15:5
MERGED from com.android.support:support-v4:21.0.3:15:5
MERGED from com.facebook.android:facebook-android-sdk:4.0.0:24:5
MERGED from com.android.support:support-v4:21.0.3:15:5
	android:targetSdkVersion
		INJECTED from AndroidManifest.xml:0:0
		INJECTED from AndroidManifest.xml:0:0
	android:minSdkVersion
		INJECTED from AndroidManifest.xml:0:0
		INJECTED from AndroidManifest.xml:0:0